
AVRASM ver. 2.1.30  D:\gesha\OneDrive - UNIVERSITAS INDONESIA\Kuliah\Semester 5\Sistem Tertanam\03_CVAVR\ATM128_ProsesControl_ON-OFF\Debug\List\ATM128_ProsesControl_ON-OFF.asm Thu Nov 18 22:20:39 2021

D:\gesha\OneDrive - UNIVERSITAS INDONESIA\Kuliah\Semester 5\Sistem Tertanam\03_CVAVR\ATM128_ProsesControl_ON-OFF\Debug\List\ATM128_ProsesControl_ON-OFF.asm(1090): warning: Register r5 already defined by the .DEF directive
D:\gesha\OneDrive - UNIVERSITAS INDONESIA\Kuliah\Semester 5\Sistem Tertanam\03_CVAVR\ATM128_ProsesControl_ON-OFF\Debug\List\ATM128_ProsesControl_ON-OFF.asm(1091): warning: Register r4 already defined by the .DEF directive
D:\gesha\OneDrive - UNIVERSITAS INDONESIA\Kuliah\Semester 5\Sistem Tertanam\03_CVAVR\ATM128_ProsesControl_ON-OFF\Debug\List\ATM128_ProsesControl_ON-OFF.asm(1092): warning: Register r7 already defined by the .DEF directive
D:\gesha\OneDrive - UNIVERSITAS INDONESIA\Kuliah\Semester 5\Sistem Tertanam\03_CVAVR\ATM128_ProsesControl_ON-OFF\Debug\List\ATM128_ProsesControl_ON-OFF.asm(1093): warning: Register r6 already defined by the .DEF directive
                 
                 
                 ;CodeVisionAVR C Compiler V3.12 Advanced
                 ;(C) Copyright 1998-2014 Pavel Haiduc, HP InfoTech s.r.l.
                 ;http://www.hpinfotech.com
                 
                 ;Build configuration    : Debug
                 ;Chip type              : ATmega128
                 ;Program type           : Application
                 ;Clock frequency        : 10.000000 MHz
                 ;Memory model           : Small
                 ;Optimize for           : Size
                 ;(s)printf features     : int, width
                 ;(s)scanf features      : int, width
                 ;External RAM size      : 0
                 ;Data Stack size        : 1024 byte(s)
                 ;Heap size              : 0 byte(s)
                 ;Promote 'char' to 'int': Yes
                 ;'char' is unsigned     : Yes
                 ;8 bit enums            : Yes
                 ;Global 'const' stored in FLASH: Yes
                 ;Enhanced function parameter passing: Yes
                 ;Enhanced core instructions: On
                 ;Automatic register allocation for global variables: On
                 ;Smart register allocation: On
                 
                 	#define _MODEL_SMALL_
                 
                 	#pragma AVRPART ADMIN PART_NAME ATmega128
                 	#pragma AVRPART MEMORY PROG_FLASH 131072
                 	#pragma AVRPART MEMORY EEPROM 4096
                 	#pragma AVRPART MEMORY INT_SRAM SIZE 4096
                 	#pragma AVRPART MEMORY INT_SRAM START_ADDR 0x100
                 
                 	#define CALL_SUPPORTED 1
                 
                 	.LISTMAC
                 	.EQU UDRE=0x5
                 	.EQU RXC=0x7
                 	.EQU USR=0xB
                 	.EQU UDR=0xC
                 	.EQU SPSR=0xE
                 	.EQU SPDR=0xF
                 	.EQU EERE=0x0
                 	.EQU EEWE=0x1
                 	.EQU EEMWE=0x2
                 	.EQU EECR=0x1C
                 	.EQU EEDR=0x1D
                 	.EQU EEARL=0x1E
                 	.EQU EEARH=0x1F
                 	.EQU WDTCR=0x21
                 	.EQU MCUCR=0x35
                 	.EQU RAMPZ=0x3B
                 	.EQU SPL=0x3D
                 	.EQU SPH=0x3E
                 	.EQU SREG=0x3F
                 	.EQU XMCRA=0x6D
                 	.EQU XMCRB=0x6C
                 
                 	.DEF R0X0=R0
                 	.DEF R0X1=R1
                 	.DEF R0X2=R2
                 	.DEF R0X3=R3
                 	.DEF R0X4=R4
                 	.DEF R0X5=R5
                 	.DEF R0X6=R6
                 	.DEF R0X7=R7
                 	.DEF R0X8=R8
                 	.DEF R0X9=R9
                 	.DEF R0XA=R10
                 	.DEF R0XB=R11
                 	.DEF R0XC=R12
                 	.DEF R0XD=R13
                 	.DEF R0XE=R14
                 	.DEF R0XF=R15
                 	.DEF R0X10=R16
                 	.DEF R0X11=R17
                 	.DEF R0X12=R18
                 	.DEF R0X13=R19
                 	.DEF R0X14=R20
                 	.DEF R0X15=R21
                 	.DEF R0X16=R22
                 	.DEF R0X17=R23
                 	.DEF R0X18=R24
                 	.DEF R0X19=R25
                 	.DEF R0X1A=R26
                 	.DEF R0X1B=R27
                 	.DEF R0X1C=R28
                 	.DEF R0X1D=R29
                 	.DEF R0X1E=R30
                 	.DEF R0X1F=R31
                 
                 	.EQU __SRAM_START=0x0100
                 	.EQU __SRAM_END=0x10FF
                 	.EQU __DSTACK_SIZE=0x0400
                 	.EQU __HEAP_SIZE=0x0000
                 	.EQU __CLEAR_SRAM_SIZE=__SRAM_END-__SRAM_START+1
                 
                 	.MACRO __CPD1N
                 	CPI  R30,LOW(@0)
                 	LDI  R26,HIGH(@0)
                 	CPC  R31,R26
                 	LDI  R26,BYTE3(@0)
                 	CPC  R22,R26
                 	LDI  R26,BYTE4(@0)
                 	CPC  R23,R26
                 	.ENDM
                 
                 	.MACRO __CPD2N
                 	CPI  R26,LOW(@0)
                 	LDI  R30,HIGH(@0)
                 	CPC  R27,R30
                 	LDI  R30,BYTE3(@0)
                 	CPC  R24,R30
                 	LDI  R30,BYTE4(@0)
                 	CPC  R25,R30
                 	.ENDM
                 
                 	.MACRO __CPWRR
                 	CP   R@0,R@2
                 	CPC  R@1,R@3
                 	.ENDM
                 
                 	.MACRO __CPWRN
                 	CPI  R@0,LOW(@2)
                 	LDI  R30,HIGH(@2)
                 	CPC  R@1,R30
                 	.ENDM
                 
                 	.MACRO __ADDB1MN
                 	SUBI R30,LOW(-@0-(@1))
                 	.ENDM
                 
                 	.MACRO __ADDB2MN
                 	SUBI R26,LOW(-@0-(@1))
                 	.ENDM
                 
                 	.MACRO __ADDW1MN
                 	SUBI R30,LOW(-@0-(@1))
                 	SBCI R31,HIGH(-@0-(@1))
                 	.ENDM
                 
                 	.MACRO __ADDW2MN
                 	SUBI R26,LOW(-@0-(@1))
                 	SBCI R27,HIGH(-@0-(@1))
                 	.ENDM
                 
                 	.MACRO __ADDW1FN
                 	SUBI R30,LOW(-2*@0-(@1))
                 	SBCI R31,HIGH(-2*@0-(@1))
                 	.ENDM
                 
                 	.MACRO __ADDD1FN
                 	SUBI R30,LOW(-2*@0-(@1))
                 	SBCI R31,HIGH(-2*@0-(@1))
                 	SBCI R22,BYTE3(-2*@0-(@1))
                 	.ENDM
                 
                 	.MACRO __ADDD1N
                 	SUBI R30,LOW(-@0)
                 	SBCI R31,HIGH(-@0)
                 	SBCI R22,BYTE3(-@0)
                 	SBCI R23,BYTE4(-@0)
                 	.ENDM
                 
                 	.MACRO __ADDD2N
                 	SUBI R26,LOW(-@0)
                 	SBCI R27,HIGH(-@0)
                 	SBCI R24,BYTE3(-@0)
                 	SBCI R25,BYTE4(-@0)
                 	.ENDM
                 
                 	.MACRO __SUBD1N
                 	SUBI R30,LOW(@0)
                 	SBCI R31,HIGH(@0)
                 	SBCI R22,BYTE3(@0)
                 	SBCI R23,BYTE4(@0)
                 	.ENDM
                 
                 	.MACRO __SUBD2N
                 	SUBI R26,LOW(@0)
                 	SBCI R27,HIGH(@0)
                 	SBCI R24,BYTE3(@0)
                 	SBCI R25,BYTE4(@0)
                 	.ENDM
                 
                 	.MACRO __ANDBMNN
                 	LDS  R30,@0+(@1)
                 	ANDI R30,LOW(@2)
                 	STS  @0+(@1),R30
                 	.ENDM
                 
                 	.MACRO __ANDWMNN
                 	LDS  R30,@0+(@1)
                 	ANDI R30,LOW(@2)
                 	STS  @0+(@1),R30
                 	LDS  R30,@0+(@1)+1
                 	ANDI R30,HIGH(@2)
                 	STS  @0+(@1)+1,R30
                 	.ENDM
                 
                 	.MACRO __ANDD1N
                 	ANDI R30,LOW(@0)
                 	ANDI R31,HIGH(@0)
                 	ANDI R22,BYTE3(@0)
                 	ANDI R23,BYTE4(@0)
                 	.ENDM
                 
                 	.MACRO __ANDD2N
                 	ANDI R26,LOW(@0)
                 	ANDI R27,HIGH(@0)
                 	ANDI R24,BYTE3(@0)
                 	ANDI R25,BYTE4(@0)
                 	.ENDM
                 
                 	.MACRO __ORBMNN
                 	LDS  R30,@0+(@1)
                 	ORI  R30,LOW(@2)
                 	STS  @0+(@1),R30
                 	.ENDM
                 
                 	.MACRO __ORWMNN
                 	LDS  R30,@0+(@1)
                 	ORI  R30,LOW(@2)
                 	STS  @0+(@1),R30
                 	LDS  R30,@0+(@1)+1
                 	ORI  R30,HIGH(@2)
                 	STS  @0+(@1)+1,R30
                 	.ENDM
                 
                 	.MACRO __ORD1N
                 	ORI  R30,LOW(@0)
                 	ORI  R31,HIGH(@0)
                 	ORI  R22,BYTE3(@0)
                 	ORI  R23,BYTE4(@0)
                 	.ENDM
                 
                 	.MACRO __ORD2N
                 	ORI  R26,LOW(@0)
                 	ORI  R27,HIGH(@0)
                 	ORI  R24,BYTE3(@0)
                 	ORI  R25,BYTE4(@0)
                 	.ENDM
                 
                 	.MACRO __DELAY_USB
                 	LDI  R24,LOW(@0)
                 __DELAY_USB_LOOP:
                 	DEC  R24
                 	BRNE __DELAY_USB_LOOP
                 	.ENDM
                 
                 	.MACRO __DELAY_USW
                 	LDI  R24,LOW(@0)
                 	LDI  R25,HIGH(@0)
                 __DELAY_USW_LOOP:
                 	SBIW R24,1
                 	BRNE __DELAY_USW_LOOP
                 	.ENDM
                 
                 	.MACRO __GETD1S
                 	LDD  R30,Y+@0
                 	LDD  R31,Y+@0+1
                 	LDD  R22,Y+@0+2
                 	LDD  R23,Y+@0+3
                 	.ENDM
                 
                 	.MACRO __GETD2S
                 	LDD  R26,Y+@0
                 	LDD  R27,Y+@0+1
                 	LDD  R24,Y+@0+2
                 	LDD  R25,Y+@0+3
                 	.ENDM
                 
                 	.MACRO __PUTD1S
                 	STD  Y+@0,R30
                 	STD  Y+@0+1,R31
                 	STD  Y+@0+2,R22
                 	STD  Y+@0+3,R23
                 	.ENDM
                 
                 	.MACRO __PUTD2S
                 	STD  Y+@0,R26
                 	STD  Y+@0+1,R27
                 	STD  Y+@0+2,R24
                 	STD  Y+@0+3,R25
                 	.ENDM
                 
                 	.MACRO __PUTDZ2
                 	STD  Z+@0,R26
                 	STD  Z+@0+1,R27
                 	STD  Z+@0+2,R24
                 	STD  Z+@0+3,R25
                 	.ENDM
                 
                 	.MACRO __CLRD1S
                 	STD  Y+@0,R30
                 	STD  Y+@0+1,R30
                 	STD  Y+@0+2,R30
                 	STD  Y+@0+3,R30
                 	.ENDM
                 
                 	.MACRO __POINTB1MN
                 	LDI  R30,LOW(@0+(@1))
                 	.ENDM
                 
                 	.MACRO __POINTW1MN
                 	LDI  R30,LOW(@0+(@1))
                 	LDI  R31,HIGH(@0+(@1))
                 	.ENDM
                 
                 	.MACRO __POINTD1M
                 	LDI  R30,LOW(@0)
                 	LDI  R31,HIGH(@0)
                 	LDI  R22,BYTE3(@0)
                 	LDI  R23,BYTE4(@0)
                 	.ENDM
                 
                 	.MACRO __POINTW1FN
                 	LDI  R30,LOW(2*@0+(@1))
                 	LDI  R31,HIGH(2*@0+(@1))
                 	.ENDM
                 
                 	.MACRO __POINTD1FN
                 	LDI  R30,LOW(2*@0+(@1))
                 	LDI  R31,HIGH(2*@0+(@1))
                 	LDI  R22,BYTE3(2*@0+(@1))
                 	LDI  R23,BYTE4(2*@0+(@1))
                 	.ENDM
                 
                 	.MACRO __POINTB2MN
                 	LDI  R26,LOW(@0+(@1))
                 	.ENDM
                 
                 	.MACRO __POINTW2MN
                 	LDI  R26,LOW(@0+(@1))
                 	LDI  R27,HIGH(@0+(@1))
                 	.ENDM
                 
                 	.MACRO __POINTW2FN
                 	LDI  R26,LOW(2*@0+(@1))
                 	LDI  R27,HIGH(2*@0+(@1))
                 	.ENDM
                 
                 	.MACRO __POINTD2FN
                 	LDI  R26,LOW(2*@0+(@1))
                 	LDI  R27,HIGH(2*@0+(@1))
                 	LDI  R24,BYTE3(2*@0+(@1))
                 	LDI  R25,BYTE4(2*@0+(@1))
                 	.ENDM
                 
                 	.MACRO __POINTBRM
                 	LDI  R@0,LOW(@1)
                 	.ENDM
                 
                 	.MACRO __POINTWRM
                 	LDI  R@0,LOW(@2)
                 	LDI  R@1,HIGH(@2)
                 	.ENDM
                 
                 	.MACRO __POINTBRMN
                 	LDI  R@0,LOW(@1+(@2))
                 	.ENDM
                 
                 	.MACRO __POINTWRMN
                 	LDI  R@0,LOW(@2+(@3))
                 	LDI  R@1,HIGH(@2+(@3))
                 	.ENDM
                 
                 	.MACRO __POINTWRFN
                 	LDI  R@0,LOW(@2*2+(@3))
                 	LDI  R@1,HIGH(@2*2+(@3))
                 	.ENDM
                 
                 	.MACRO __GETD1N
                 	LDI  R30,LOW(@0)
                 	LDI  R31,HIGH(@0)
                 	LDI  R22,BYTE3(@0)
                 	LDI  R23,BYTE4(@0)
                 	.ENDM
                 
                 	.MACRO __GETD2N
                 	LDI  R26,LOW(@0)
                 	LDI  R27,HIGH(@0)
                 	LDI  R24,BYTE3(@0)
                 	LDI  R25,BYTE4(@0)
                 	.ENDM
                 
                 	.MACRO __GETB1MN
                 	LDS  R30,@0+(@1)
                 	.ENDM
                 
                 	.MACRO __GETB1HMN
                 	LDS  R31,@0+(@1)
                 	.ENDM
                 
                 	.MACRO __GETW1MN
                 	LDS  R30,@0+(@1)
                 	LDS  R31,@0+(@1)+1
                 	.ENDM
                 
                 	.MACRO __GETD1MN
                 	LDS  R30,@0+(@1)
                 	LDS  R31,@0+(@1)+1
                 	LDS  R22,@0+(@1)+2
                 	LDS  R23,@0+(@1)+3
                 	.ENDM
                 
                 	.MACRO __GETBRMN
                 	LDS  R@0,@1+(@2)
                 	.ENDM
                 
                 	.MACRO __GETWRMN
                 	LDS  R@0,@2+(@3)
                 	LDS  R@1,@2+(@3)+1
                 	.ENDM
                 
                 	.MACRO __GETWRZ
                 	LDD  R@0,Z+@2
                 	LDD  R@1,Z+@2+1
                 	.ENDM
                 
                 	.MACRO __GETD2Z
                 	LDD  R26,Z+@0
                 	LDD  R27,Z+@0+1
                 	LDD  R24,Z+@0+2
                 	LDD  R25,Z+@0+3
                 	.ENDM
                 
                 	.MACRO __GETB2MN
                 	LDS  R26,@0+(@1)
                 	.ENDM
                 
                 	.MACRO __GETW2MN
                 	LDS  R26,@0+(@1)
                 	LDS  R27,@0+(@1)+1
                 	.ENDM
                 
                 	.MACRO __GETD2MN
                 	LDS  R26,@0+(@1)
                 	LDS  R27,@0+(@1)+1
                 	LDS  R24,@0+(@1)+2
                 	LDS  R25,@0+(@1)+3
                 	.ENDM
                 
                 	.MACRO __PUTB1MN
                 	STS  @0+(@1),R30
                 	.ENDM
                 
                 	.MACRO __PUTW1MN
                 	STS  @0+(@1),R30
                 	STS  @0+(@1)+1,R31
                 	.ENDM
                 
                 	.MACRO __PUTD1MN
                 	STS  @0+(@1),R30
                 	STS  @0+(@1)+1,R31
                 	STS  @0+(@1)+2,R22
                 	STS  @0+(@1)+3,R23
                 	.ENDM
                 
                 	.MACRO __PUTB1EN
                 	LDI  R26,LOW(@0+(@1))
                 	LDI  R27,HIGH(@0+(@1))
                 	CALL __EEPROMWRB
                 	.ENDM
                 
                 	.MACRO __PUTW1EN
                 	LDI  R26,LOW(@0+(@1))
                 	LDI  R27,HIGH(@0+(@1))
                 	CALL __EEPROMWRW
                 	.ENDM
                 
                 	.MACRO __PUTD1EN
                 	LDI  R26,LOW(@0+(@1))
                 	LDI  R27,HIGH(@0+(@1))
                 	CALL __EEPROMWRD
                 	.ENDM
                 
                 	.MACRO __PUTBR0MN
                 	STS  @0+(@1),R0
                 	.ENDM
                 
                 	.MACRO __PUTBMRN
                 	STS  @0+(@1),R@2
                 	.ENDM
                 
                 	.MACRO __PUTWMRN
                 	STS  @0+(@1),R@2
                 	STS  @0+(@1)+1,R@3
                 	.ENDM
                 
                 	.MACRO __PUTBZR
                 	STD  Z+@1,R@0
                 	.ENDM
                 
                 	.MACRO __PUTWZR
                 	STD  Z+@2,R@0
                 	STD  Z+@2+1,R@1
                 	.ENDM
                 
                 	.MACRO __GETW1R
                 	MOV  R30,R@0
                 	MOV  R31,R@1
                 	.ENDM
                 
                 	.MACRO __GETW2R
                 	MOV  R26,R@0
                 	MOV  R27,R@1
                 	.ENDM
                 
                 	.MACRO __GETWRN
                 	LDI  R@0,LOW(@2)
                 	LDI  R@1,HIGH(@2)
                 	.ENDM
                 
                 	.MACRO __PUTW1R
                 	MOV  R@0,R30
                 	MOV  R@1,R31
                 	.ENDM
                 
                 	.MACRO __PUTW2R
                 	MOV  R@0,R26
                 	MOV  R@1,R27
                 	.ENDM
                 
                 	.MACRO __ADDWRN
                 	SUBI R@0,LOW(-@2)
                 	SBCI R@1,HIGH(-@2)
                 	.ENDM
                 
                 	.MACRO __ADDWRR
                 	ADD  R@0,R@2
                 	ADC  R@1,R@3
                 	.ENDM
                 
                 	.MACRO __SUBWRN
                 	SUBI R@0,LOW(@2)
                 	SBCI R@1,HIGH(@2)
                 	.ENDM
                 
                 	.MACRO __SUBWRR
                 	SUB  R@0,R@2
                 	SBC  R@1,R@3
                 	.ENDM
                 
                 	.MACRO __ANDWRN
                 	ANDI R@0,LOW(@2)
                 	ANDI R@1,HIGH(@2)
                 	.ENDM
                 
                 	.MACRO __ANDWRR
                 	AND  R@0,R@2
                 	AND  R@1,R@3
                 	.ENDM
                 
                 	.MACRO __ORWRN
                 	ORI  R@0,LOW(@2)
                 	ORI  R@1,HIGH(@2)
                 	.ENDM
                 
                 	.MACRO __ORWRR
                 	OR   R@0,R@2
                 	OR   R@1,R@3
                 	.ENDM
                 
                 	.MACRO __EORWRR
                 	EOR  R@0,R@2
                 	EOR  R@1,R@3
                 	.ENDM
                 
                 	.MACRO __GETWRS
                 	LDD  R@0,Y+@2
                 	LDD  R@1,Y+@2+1
                 	.ENDM
                 
                 	.MACRO __PUTBSR
                 	STD  Y+@1,R@0
                 	.ENDM
                 
                 	.MACRO __PUTWSR
                 	STD  Y+@2,R@0
                 	STD  Y+@2+1,R@1
                 	.ENDM
                 
                 	.MACRO __MOVEWRR
                 	MOV  R@0,R@2
                 	MOV  R@1,R@3
                 	.ENDM
                 
                 	.MACRO __INWR
                 	IN   R@0,@2
                 	IN   R@1,@2+1
                 	.ENDM
                 
                 	.MACRO __OUTWR
                 	OUT  @2+1,R@1
                 	OUT  @2,R@0
                 	.ENDM
                 
                 	.MACRO __CALL1MN
                 	LDS  R30,@0+(@1)
                 	LDS  R31,@0+(@1)+1
                 	ICALL
                 	.ENDM
                 
                 	.MACRO __CALL1FN
                 	LDI  R30,LOW(2*@0+(@1))
                 	LDI  R31,HIGH(2*@0+(@1))
                 	CALL __GETW1PF
                 	ICALL
                 	.ENDM
                 
                 	.MACRO __CALL2EN
                 	PUSH R26
                 	PUSH R27
                 	LDI  R26,LOW(@0+(@1))
                 	LDI  R27,HIGH(@0+(@1))
                 	CALL __EEPROMRDW
                 	POP  R27
                 	POP  R26
                 	ICALL
                 	.ENDM
                 
                 	.MACRO __CALL2EX
                 	SUBI R26,LOW(-@0)
                 	SBCI R27,HIGH(-@0)
                 	CALL __EEPROMRDD
                 	ICALL
                 	.ENDM
                 
                 	.MACRO __GETW1STACK
                 	IN   R30,SPL
                 	IN   R31,SPH
                 	ADIW R30,@0+1
                 	LD   R0,Z+
                 	LD   R31,Z
                 	MOV  R30,R0
                 	.ENDM
                 
                 	.MACRO __GETD1STACK
                 	IN   R30,SPL
                 	IN   R31,SPH
                 	ADIW R30,@0+1
                 	LD   R0,Z+
                 	LD   R1,Z+
                 	LD   R22,Z
                 	MOVW R30,R0
                 	.ENDM
                 
                 	.MACRO __NBST
                 	BST  R@0,@1
                 	IN   R30,SREG
                 	LDI  R31,0x40
                 	EOR  R30,R31
                 	OUT  SREG,R30
                 	.ENDM
                 
                 
                 	.MACRO __PUTB1SN
                 	LDD  R26,Y+@0
                 	LDD  R27,Y+@0+1
                 	SUBI R26,LOW(-@1)
                 	SBCI R27,HIGH(-@1)
                 	ST   X,R30
                 	.ENDM
                 
                 	.MACRO __PUTW1SN
                 	LDD  R26,Y+@0
                 	LDD  R27,Y+@0+1
                 	SUBI R26,LOW(-@1)
                 	SBCI R27,HIGH(-@1)
                 	ST   X+,R30
                 	ST   X,R31
                 	.ENDM
                 
                 	.MACRO __PUTD1SN
                 	LDD  R26,Y+@0
                 	LDD  R27,Y+@0+1
                 	SUBI R26,LOW(-@1)
                 	SBCI R27,HIGH(-@1)
                 	CALL __PUTDP1
                 	.ENDM
                 
                 	.MACRO __PUTB1SNS
                 	LDD  R26,Y+@0
                 	LDD  R27,Y+@0+1
                 	ADIW R26,@1
                 	ST   X,R30
                 	.ENDM
                 
                 	.MACRO __PUTW1SNS
                 	LDD  R26,Y+@0
                 	LDD  R27,Y+@0+1
                 	ADIW R26,@1
                 	ST   X+,R30
                 	ST   X,R31
                 	.ENDM
                 
                 	.MACRO __PUTD1SNS
                 	LDD  R26,Y+@0
                 	LDD  R27,Y+@0+1
                 	ADIW R26,@1
                 	CALL __PUTDP1
                 	.ENDM
                 
                 	.MACRO __PUTB1PMN
                 	LDS  R26,@0
                 	LDS  R27,@0+1
                 	SUBI R26,LOW(-@1)
                 	SBCI R27,HIGH(-@1)
                 	ST   X,R30
                 	.ENDM
                 
                 	.MACRO __PUTW1PMN
                 	LDS  R26,@0
                 	LDS  R27,@0+1
                 	SUBI R26,LOW(-@1)
                 	SBCI R27,HIGH(-@1)
                 	ST   X+,R30
                 	ST   X,R31
                 	.ENDM
                 
                 	.MACRO __PUTD1PMN
                 	LDS  R26,@0
                 	LDS  R27,@0+1
                 	SUBI R26,LOW(-@1)
                 	SBCI R27,HIGH(-@1)
                 	CALL __PUTDP1
                 	.ENDM
                 
                 	.MACRO __PUTB1PMNS
                 	LDS  R26,@0
                 	LDS  R27,@0+1
                 	ADIW R26,@1
                 	ST   X,R30
                 	.ENDM
                 
                 	.MACRO __PUTW1PMNS
                 	LDS  R26,@0
                 	LDS  R27,@0+1
                 	ADIW R26,@1
                 	ST   X+,R30
                 	ST   X,R31
                 	.ENDM
                 
                 	.MACRO __PUTD1PMNS
                 	LDS  R26,@0
                 	LDS  R27,@0+1
                 	ADIW R26,@1
                 	CALL __PUTDP1
                 	.ENDM
                 
                 	.MACRO __PUTB1RN
                 	MOVW R26,R@0
                 	SUBI R26,LOW(-@1)
                 	SBCI R27,HIGH(-@1)
                 	ST   X,R30
                 	.ENDM
                 
                 	.MACRO __PUTW1RN
                 	MOVW R26,R@0
                 	SUBI R26,LOW(-@1)
                 	SBCI R27,HIGH(-@1)
                 	ST   X+,R30
                 	ST   X,R31
                 	.ENDM
                 
                 	.MACRO __PUTD1RN
                 	MOVW R26,R@0
                 	SUBI R26,LOW(-@1)
                 	SBCI R27,HIGH(-@1)
                 	CALL __PUTDP1
                 	.ENDM
                 
                 	.MACRO __PUTB1RNS
                 	MOVW R26,R@0
                 	ADIW R26,@1
                 	ST   X,R30
                 	.ENDM
                 
                 	.MACRO __PUTW1RNS
                 	MOVW R26,R@0
                 	ADIW R26,@1
                 	ST   X+,R30
                 	ST   X,R31
                 	.ENDM
                 
                 	.MACRO __PUTD1RNS
                 	MOVW R26,R@0
                 	ADIW R26,@1
                 	CALL __PUTDP1
                 	.ENDM
                 
                 	.MACRO __PUTB1RON
                 	MOV  R26,R@0
                 	MOV  R27,R@1
                 	SUBI R26,LOW(-@2)
                 	SBCI R27,HIGH(-@2)
                 	ST   X,R30
                 	.ENDM
                 
                 	.MACRO __PUTW1RON
                 	MOV  R26,R@0
                 	MOV  R27,R@1
                 	SUBI R26,LOW(-@2)
                 	SBCI R27,HIGH(-@2)
                 	ST   X+,R30
                 	ST   X,R31
                 	.ENDM
                 
                 	.MACRO __PUTD1RON
                 	MOV  R26,R@0
                 	MOV  R27,R@1
                 	SUBI R26,LOW(-@2)
                 	SBCI R27,HIGH(-@2)
                 	CALL __PUTDP1
                 	.ENDM
                 
                 	.MACRO __PUTB1RONS
                 	MOV  R26,R@0
                 	MOV  R27,R@1
                 	ADIW R26,@2
                 	ST   X,R30
                 	.ENDM
                 
                 	.MACRO __PUTW1RONS
                 	MOV  R26,R@0
                 	MOV  R27,R@1
                 	ADIW R26,@2
                 	ST   X+,R30
                 	ST   X,R31
                 	.ENDM
                 
                 	.MACRO __PUTD1RONS
                 	MOV  R26,R@0
                 	MOV  R27,R@1
                 	ADIW R26,@2
                 	CALL __PUTDP1
                 	.ENDM
                 
                 
                 	.MACRO __GETB1SX
                 	MOVW R30,R28
                 	SUBI R30,LOW(-@0)
                 	SBCI R31,HIGH(-@0)
                 	LD   R30,Z
                 	.ENDM
                 
                 	.MACRO __GETB1HSX
                 	MOVW R30,R28
                 	SUBI R30,LOW(-@0)
                 	SBCI R31,HIGH(-@0)
                 	LD   R31,Z
                 	.ENDM
                 
                 	.MACRO __GETW1SX
                 	MOVW R30,R28
                 	SUBI R30,LOW(-@0)
                 	SBCI R31,HIGH(-@0)
                 	LD   R0,Z+
                 	LD   R31,Z
                 	MOV  R30,R0
                 	.ENDM
                 
                 	.MACRO __GETD1SX
                 	MOVW R30,R28
                 	SUBI R30,LOW(-@0)
                 	SBCI R31,HIGH(-@0)
                 	LD   R0,Z+
                 	LD   R1,Z+
                 	LD   R22,Z+
                 	LD   R23,Z
                 	MOVW R30,R0
                 	.ENDM
                 
                 	.MACRO __GETB2SX
                 	MOVW R26,R28
                 	SUBI R26,LOW(-@0)
                 	SBCI R27,HIGH(-@0)
                 	LD   R26,X
                 	.ENDM
                 
                 	.MACRO __GETW2SX
                 	MOVW R26,R28
                 	SUBI R26,LOW(-@0)
                 	SBCI R27,HIGH(-@0)
                 	LD   R0,X+
                 	LD   R27,X
                 	MOV  R26,R0
                 	.ENDM
                 
                 	.MACRO __GETD2SX
                 	MOVW R26,R28
                 	SUBI R26,LOW(-@0)
                 	SBCI R27,HIGH(-@0)
                 	LD   R0,X+
                 	LD   R1,X+
                 	LD   R24,X+
                 	LD   R25,X
                 	MOVW R26,R0
                 	.ENDM
                 
                 	.MACRO __GETBRSX
                 	MOVW R30,R28
                 	SUBI R30,LOW(-@1)
                 	SBCI R31,HIGH(-@1)
                 	LD   R@0,Z
                 	.ENDM
                 
                 	.MACRO __GETWRSX
                 	MOVW R30,R28
                 	SUBI R30,LOW(-@2)
                 	SBCI R31,HIGH(-@2)
                 	LD   R@0,Z+
                 	LD   R@1,Z
                 	.ENDM
                 
                 	.MACRO __GETBRSX2
                 	MOVW R26,R28
                 	SUBI R26,LOW(-@1)
                 	SBCI R27,HIGH(-@1)
                 	LD   R@0,X
                 	.ENDM
                 
                 	.MACRO __GETWRSX2
                 	MOVW R26,R28
                 	SUBI R26,LOW(-@2)
                 	SBCI R27,HIGH(-@2)
                 	LD   R@0,X+
                 	LD   R@1,X
                 	.ENDM
                 
                 	.MACRO __LSLW8SX
                 	MOVW R30,R28
                 	SUBI R30,LOW(-@0)
                 	SBCI R31,HIGH(-@0)
                 	LD   R31,Z
                 	CLR  R30
                 	.ENDM
                 
                 	.MACRO __PUTB1SX
                 	MOVW R26,R28
                 	SUBI R26,LOW(-@0)
                 	SBCI R27,HIGH(-@0)
                 	ST   X,R30
                 	.ENDM
                 
                 	.MACRO __PUTW1SX
                 	MOVW R26,R28
                 	SUBI R26,LOW(-@0)
                 	SBCI R27,HIGH(-@0)
                 	ST   X+,R30
                 	ST   X,R31
                 	.ENDM
                 
                 	.MACRO __PUTD1SX
                 	MOVW R26,R28
                 	SUBI R26,LOW(-@0)
                 	SBCI R27,HIGH(-@0)
                 	ST   X+,R30
                 	ST   X+,R31
                 	ST   X+,R22
                 	ST   X,R23
                 	.ENDM
                 
                 	.MACRO __CLRW1SX
                 	MOVW R26,R28
                 	SUBI R26,LOW(-@0)
                 	SBCI R27,HIGH(-@0)
                 	ST   X+,R30
                 	ST   X,R30
                 	.ENDM
                 
                 	.MACRO __CLRD1SX
                 	MOVW R26,R28
                 	SUBI R26,LOW(-@0)
                 	SBCI R27,HIGH(-@0)
                 	ST   X+,R30
                 	ST   X+,R30
                 	ST   X+,R30
                 	ST   X,R30
                 	.ENDM
                 
                 	.MACRO __PUTB2SX
                 	MOVW R30,R28
                 	SUBI R30,LOW(-@0)
                 	SBCI R31,HIGH(-@0)
                 	ST   Z,R26
                 	.ENDM
                 
                 	.MACRO __PUTW2SX
                 	MOVW R30,R28
                 	SUBI R30,LOW(-@0)
                 	SBCI R31,HIGH(-@0)
                 	ST   Z+,R26
                 	ST   Z,R27
                 	.ENDM
                 
                 	.MACRO __PUTD2SX
                 	MOVW R30,R28
                 	SUBI R30,LOW(-@0)
                 	SBCI R31,HIGH(-@0)
                 	ST   Z+,R26
                 	ST   Z+,R27
                 	ST   Z+,R24
                 	ST   Z,R25
                 	.ENDM
                 
                 	.MACRO __PUTBSRX
                 	MOVW R30,R28
                 	SUBI R30,LOW(-@1)
                 	SBCI R31,HIGH(-@1)
                 	ST   Z,R@0
                 	.ENDM
                 
                 	.MACRO __PUTWSRX
                 	MOVW R30,R28
                 	SUBI R30,LOW(-@2)
                 	SBCI R31,HIGH(-@2)
                 	ST   Z+,R@0
                 	ST   Z,R@1
                 	.ENDM
                 
                 	.MACRO __PUTB1SNX
                 	MOVW R26,R28
                 	SUBI R26,LOW(-@0)
                 	SBCI R27,HIGH(-@0)
                 	LD   R0,X+
                 	LD   R27,X
                 	MOV  R26,R0
                 	SUBI R26,LOW(-@1)
                 	SBCI R27,HIGH(-@1)
                 	ST   X,R30
                 	.ENDM
                 
                 	.MACRO __PUTW1SNX
                 	MOVW R26,R28
                 	SUBI R26,LOW(-@0)
                 	SBCI R27,HIGH(-@0)
                 	LD   R0,X+
                 	LD   R27,X
                 	MOV  R26,R0
                 	SUBI R26,LOW(-@1)
                 	SBCI R27,HIGH(-@1)
                 	ST   X+,R30
                 	ST   X,R31
                 	.ENDM
                 
                 	.MACRO __PUTD1SNX
                 	MOVW R26,R28
                 	SUBI R26,LOW(-@0)
                 	SBCI R27,HIGH(-@0)
                 	LD   R0,X+
                 	LD   R27,X
                 	MOV  R26,R0
                 	SUBI R26,LOW(-@1)
                 	SBCI R27,HIGH(-@1)
                 	ST   X+,R30
                 	ST   X+,R31
                 	ST   X+,R22
                 	ST   X,R23
                 	.ENDM
                 
                 	.MACRO __MULBRR
                 	MULS R@0,R@1
                 	MOVW R30,R0
                 	.ENDM
                 
                 	.MACRO __MULBRRU
                 	MUL  R@0,R@1
                 	MOVW R30,R0
                 	.ENDM
                 
                 	.MACRO __MULBRR0
                 	MULS R@0,R@1
                 	.ENDM
                 
                 	.MACRO __MULBRRU0
                 	MUL  R@0,R@1
                 	.ENDM
                 
                 	.MACRO __MULBNWRU
                 	LDI  R26,@2
                 	MUL  R26,R@0
                 	MOVW R30,R0
                 	MUL  R26,R@1
                 	ADD  R31,R0
                 	.ENDM
                 
                 ;NAME DEFINITIONS FOR GLOBAL VARIABLES ALLOCATED TO REGISTERS
                 	.DEF _iterasi=R5
                 	.DEF __lcd_x=R4
                 	.DEF __lcd_y=R7
                 	.DEF __lcd_maxx=R6
                 
                 	.CSEG
                 	.ORG 0x00
                 
                 ;START OF CODE MARKER
                 __START_OF_CODE:
                 
                 ;INTERRUPT VECTORS
000000 940c 0085 	JMP  __RESET
000002 940c 00b5 	JMP  _ext_int0_isr
000004 940c 00be 	JMP  _ext_int1_isr
000006 940c 00d8 	JMP  _ext_int2_isr
000008 940c 0000 	JMP  0x00
00000a 940c 0000 	JMP  0x00
00000c 940c 0000 	JMP  0x00
00000e 940c 0000 	JMP  0x00
000010 940c 0000 	JMP  0x00
000012 940c 0000 	JMP  0x00
000014 940c 0000 	JMP  0x00
000016 940c 0000 	JMP  0x00
000018 940c 00d9 	JMP  _timer1_compa_isr
00001a 940c 0000 	JMP  0x00
00001c 940c 0000 	JMP  0x00
00001e 940c 0000 	JMP  0x00
000020 940c 0000 	JMP  0x00
000022 940c 0000 	JMP  0x00
000024 940c 0000 	JMP  0x00
000026 940c 0000 	JMP  0x00
000028 940c 0000 	JMP  0x00
00002a 940c 0000 	JMP  0x00
00002c 940c 0000 	JMP  0x00
00002e 940c 0000 	JMP  0x00
000030 940c 0000 	JMP  0x00
000032 940c 0000 	JMP  0x00
000034 940c 0000 	JMP  0x00
000036 940c 0000 	JMP  0x00
000038 940c 0000 	JMP  0x00
00003a 940c 0000 	JMP  0x00
00003c 940c 0000 	JMP  0x00
00003e 940c 0000 	JMP  0x00
000040 940c 0000 	JMP  0x00
000042 940c 0000 	JMP  0x00
000044 940c 0000 	JMP  0x00
                 
                 ;REGISTER BIT VARIABLES INITIALIZATION
                 __REG_BIT_VARS:
000046 0000      	.DW  0x0000
                 
                 _0x0:
000047 6853
000048 7475
000049 6f64
00004a 6e77      	.DB  0x53,0x68,0x75,0x74,0x64,0x6F,0x77,0x6E
00004b 2e2e
00004c 0021
00004d 464f
00004e 0046      	.DB  0x2E,0x2E,0x21,0x0,0x4F,0x46,0x46,0x0
00004f 4e4f
000050 0020
000051 6147
000052 6167      	.DB  0x4F,0x4E,0x20,0x0,0x47,0x61,0x67,0x61
000053 2e6c
000054 2e2e
000055 0021
000056 5250      	.DB  0x6C,0x2E,0x2E,0x2E,0x21,0x0,0x50,0x52
000057 434f
000058 5345
000059 2053
00005a 4f43      	.DB  0x4F,0x43,0x45,0x53,0x53,0x20,0x43,0x4F
00005b 544e
00005c 4f52
00005d 004c
00005e 7250      	.DB  0x4E,0x54,0x52,0x4F,0x4C,0x0,0x50,0x72
00005f 736f
000060 7365
000061 4920
000062 6973      	.DB  0x6F,0x73,0x65,0x73,0x20,0x49,0x73,0x69
000063 2e2e
000064 2e2e
000065 5300
000066 6b75      	.DB  0x2E,0x2E,0x2E,0x2E,0x0,0x53,0x75,0x6B
000067 6573
000068 2e73
000069 2e2e
00006a 212e      	.DB  0x73,0x65,0x73,0x2E,0x2E,0x2E,0x2E,0x21
00006b 5000
00006c 6f72
00006d 6573
00006e 2073      	.DB  0x0,0x50,0x72,0x6F,0x73,0x65,0x73,0x20
00006f 6150
000070 616e
000071 2e73
000072 2e2e      	.DB  0x50,0x61,0x6E,0x61,0x73,0x2E,0x2E,0x2E
000073 002e
000074 7250
000075 736f
000076 7365      	.DB  0x2E,0x0,0x50,0x72,0x6F,0x73,0x65,0x73
000077 4b20
000078 736f
000079 6e6f
00007a 2e67      	.DB  0x20,0x4B,0x6F,0x73,0x6F,0x6E,0x67,0x2E
00007b 2e2e
D:\gesha\OneDrive - UNIVERSITAS INDONESIA\Kuliah\Semester 5\Sistem Tertanam\03_CVAVR\ATM128_ProsesControl_ON-OFF\Debug\List\ATM128_ProsesControl_ON-OFF.asm(1156): warning: .cseg .db misalignment - padding zero byte
00007c 0000      	.DB  0x2E,0x2E,0x0
                 _0x2020003:
00007d c080      	.DB  0x80,0xC0
                 
                 __GLOBAL_INI_TBL:
00007e 0001      	.DW  0x01
00007f 0002      	.DW  0x02
000080 008c      	.DW  __REG_BIT_VARS*2
                 
000081 0002      	.DW  0x02
000082 0500      	.DW  __base_y_G101
000083 00fa      	.DW  _0x2020003*2
                 
                 _0xFFFFFFFF:
000084 0000      	.DW  0
                 
                 #define __GLOBAL_INI_TBL_PRESENT 1
                 
                 __RESET:
000085 94f8      	CLI
000086 27ee      	CLR  R30
000087 bbec      	OUT  EECR,R30
                 
                 ;INTERRUPT VECTORS ARE PLACED
                 ;AT THE START OF FLASH
000088 e0f1      	LDI  R31,1
000089 bff5      	OUT  MCUCR,R31
00008a bfe5      	OUT  MCUCR,R30
00008b 93e0 006c 	STS  XMCRB,R30
                 
                 ;CLEAR R2-R14
00008d e08d      	LDI  R24,(14-2)+1
00008e e0a2      	LDI  R26,2
00008f 27bb      	CLR  R27
                 __CLEAR_REG:
000090 93ed      	ST   X+,R30
000091 958a      	DEC  R24
000092 f7e9      	BRNE __CLEAR_REG
                 
                 ;CLEAR SRAM
000093 e080      	LDI  R24,LOW(__CLEAR_SRAM_SIZE)
000094 e190      	LDI  R25,HIGH(__CLEAR_SRAM_SIZE)
000095 e0a0      	LDI  R26,LOW(__SRAM_START)
000096 e0b1      	LDI  R27,HIGH(__SRAM_START)
                 __CLEAR_SRAM:
000097 93ed      	ST   X+,R30
000098 9701      	SBIW R24,1
000099 f7e9      	BRNE __CLEAR_SRAM
                 
                 ;GLOBAL VARIABLES INITIALIZATION
00009a efec      	LDI  R30,LOW(__GLOBAL_INI_TBL*2)
00009b e0f0      	LDI  R31,HIGH(__GLOBAL_INI_TBL*2)
                 __GLOBAL_INI_NEXT:
00009c 9185      	LPM  R24,Z+
00009d 9195      	LPM  R25,Z+
00009e 9700      	SBIW R24,0
00009f f061      	BREQ __GLOBAL_INI_END
0000a0 91a5      	LPM  R26,Z+
0000a1 91b5      	LPM  R27,Z+
0000a2 9005      	LPM  R0,Z+
0000a3 9015      	LPM  R1,Z+
0000a4 01bf      	MOVW R22,R30
0000a5 01f0      	MOVW R30,R0
                 __GLOBAL_INI_LOOP:
0000a6 9005      	LPM  R0,Z+
0000a7 920d      	ST   X+,R0
0000a8 9701      	SBIW R24,1
0000a9 f7e1      	BRNE __GLOBAL_INI_LOOP
0000aa 01fb      	MOVW R30,R22
0000ab cff0      	RJMP __GLOBAL_INI_NEXT
                 __GLOBAL_INI_END:
                 
0000ac bf8b      	OUT  RAMPZ,R24
                 
                 ;HARDWARE STACK POINTER INITIALIZATION
0000ad efef      	LDI  R30,LOW(__SRAM_END-__HEAP_SIZE)
0000ae bfed      	OUT  SPL,R30
0000af e1e0      	LDI  R30,HIGH(__SRAM_END-__HEAP_SIZE)
0000b0 bfee      	OUT  SPH,R30
                 
                 ;DATA STACK POINTER INITIALIZATION
0000b1 e0c0      	LDI  R28,LOW(__SRAM_START+__DSTACK_SIZE)
0000b2 e0d5      	LDI  R29,HIGH(__SRAM_START+__DSTACK_SIZE)
                 
0000b3 940c 00fc 	JMP  _main
                 
                 	.ESEG
                 	.ORG 0
                 
                 	.DSEG
                 	.ORG 0x500
                 
                 	.CSEG
                 ;/*******************************************************
                 ;This program was created by the
                 ;CodeWizardAVR V3.12 Advanced
                 ;Automatic Program Generator
                 ;© Copyright 1998-2014 Pavel Haiduc, HP InfoTech s.r.l.
                 ;http://www.hpinfotech.com
                 ;
                 ;Project :
                 ;Version :
                 ;Date    : 11/3/2021
                 ;Author  :
                 ;Company :
                 ;Comments:
                 ;
                 ;
                 ;Chip type               : ATmega128
                 ;Program type            : Application
                 ;AVR Core Clock frequency: 10.000000 MHz
                 ;Memory model            : Small
                 ;External RAM size       : 0
                 ;Data Stack size         : 1024
                 ;*******************************************************/
                 ;
                 ;#include <mega128.h>
                 	#ifndef __SLEEP_DEFINED__
                 	#define __SLEEP_DEFINED__
                 	.EQU __se_bit=0x20
                 	.EQU __sm_mask=0x1C
                 	.EQU __sm_powerdown=0x10
                 	.EQU __sm_powersave=0x18
                 	.EQU __sm_standby=0x14
                 	.EQU __sm_ext_standby=0x1C
                 	.EQU __sm_adc_noise_red=0x08
                 	.SET power_ctrl_reg=mcucr
                 	#endif
                 ;#include <delay.h>
                 ;#include <sleep.h>
                 ;
                 ;// Alphanumeric LCD functions
                 ;#include <alcd.h>
                 ;
                 ;// Declare your global variables here
                 ;bit start_bit=0;
                 ;unsigned char iterasi;
                 ;
                 ;#define proses_isi 0B00001001           //INFLOW ON
                 ;#define proses_panas 0B00000100         //STIRON & HTRON aktif
                 ;#define proses_kosong 0B00001010        //OUTFLOW aktif
                 ;#define shutdown 0B00011000             //ALARM aktif
                 ;#define TANKFUL PIND.5
                 ;#define TANKMT PIND.4
                 ;#define TEMPOK PIND.6
                 ;// External Interrupt 0 service routine
                 ;interrupt [EXT_INT0] void ext_int0_isr(void)
                 ; 0000 002C {
                 
                 	.CSEG
                 _ext_int0_isr:
                 ; .FSTART _ext_int0_isr
0000b5 940e 0230 	CALL SUBOPT_0x0
                 ; 0000 002D // Place your code here
                 ; 0000 002E  PORTB= shutdown;
0000b7 940e 023e 	CALL SUBOPT_0x1
                 ; 0000 002F  lcd_gotoxy(0,1);
                 ; 0000 0030  lcd_putsf("Shutdown..!");
                +
0000b9 e8ae     +LDI R26 , LOW ( 2 * _0x0 + ( 0 ) )
0000ba e0b0     +LDI R27 , HIGH ( 2 * _0x0 + ( 0 ) )
                 	__POINTW2FN _0x0,0
0000bb 940e 0244 	CALL SUBOPT_0x2
                 ; 0000 0031  EIMSK= 0x00;            //disable INT
                 ; 0000 0032  powerdown();            //matikan power
                 ; 0000 0033 }
0000bd c027      	RJMP _0x17
                 ; .FEND
                 ;
                 ;// External Interrupt 1 service routine
                 ;interrupt [EXT_INT1] void ext_int1_isr(void)
                 ; 0000 0037 {
                 _ext_int1_isr:
                 ; .FSTART _ext_int1_isr
0000be 940e 0230 	CALL SUBOPT_0x0
                 ; 0000 0038 // Place your code here
                 ; 0000 0039  start_bit ^=1; //start_bit=start_bit EXOR 1
0000c0 e0a0      	LDI  R26,0
0000c1 fc20      	SBRC R2,0
0000c2 e0a1      	LDI  R26,1
0000c3 e0e1      	LDI  R30,LOW(1)
0000c4 27ea      	EOR  R30,R26
0000c5 940e 0274 	CALL __BSTB1
0000c7 f820      	BLD  R2,0
                 ; 0000 003A  if (start_bit==0)
0000c8 fc20      	SBRC R2,0
0000c9 c005      	RJMP _0x3
                 ; 0000 003B  {
                 ; 0000 003C   lcd_gotoxy(6,1);
0000ca 940e 0249 	CALL SUBOPT_0x3
                 ; 0000 003D   lcd_putsf("OFF");
                +
0000cc e9aa     +LDI R26 , LOW ( 2 * _0x0 + ( 12 ) )
0000cd e0b0     +LDI R27 , HIGH ( 2 * _0x0 + ( 12 ) )
                 	__POINTW2FN _0x0,12
0000ce c004      	RJMP _0x16
                 ; 0000 003E   delay_ms(1000);
                 ; 0000 003F  }
                 ; 0000 0040 else
                 _0x3:
                 ; 0000 0041  {
                 ; 0000 0042   lcd_gotoxy(6,1);
0000cf 940e 0249 	CALL SUBOPT_0x3
                 ; 0000 0043   lcd_putsf("ON ");
                +
0000d1 e9ae     +LDI R26 , LOW ( 2 * _0x0 + ( 16 ) )
0000d2 e0b0     +LDI R27 , HIGH ( 2 * _0x0 + ( 16 ) )
                 	__POINTW2FN _0x0,16
                 _0x16:
0000d3 940e 01f2 	CALL _lcd_putsf
                 ; 0000 0044   delay_ms(1000);
0000d5 940e 024d 	CALL SUBOPT_0x4
                 ; 0000 0045  }
                 ; 0000 0046 }
0000d7 c00d      	RJMP _0x17
                 ; .FEND
                 ;
                 ;// External Interrupt 2 service routine
                 ;interrupt [EXT_INT2] void ext_int2_isr(void)
                 ; 0000 004A {
                 _ext_int2_isr:
                 ; .FSTART _ext_int2_isr
                 ; 0000 004B // Place your code here
                 ; 0000 004C 
                 ; 0000 004D }
0000d8 9518      	RETI
                 ; .FEND
                 ;
                 ;// Timer1 output compare A interrupt service routine
                 ;interrupt [TIM1_COMPA] void timer1_compa_isr(void)
                 ; 0000 0051 {
                 _timer1_compa_isr:
                 ; .FSTART _timer1_compa_isr
0000d9 940e 0230 	CALL SUBOPT_0x0
                 ; 0000 0052 // Place your code here
                 ; 0000 0053 iterasi++; //iterasi=iterasi+1
0000db 9453      	INC  R5
                 ; 0000 0054 if (iterasi==10)
0000dc e0ea      	LDI  R30,LOW(10)
0000dd 15e5      	CP   R30,R5
0000de f431      	BRNE _0x5
                 ; 0000 0055     {
                 ; 0000 0056     PORTB= shutdown;
0000df 940e 023e 	CALL SUBOPT_0x1
                 ; 0000 0057     lcd_gotoxy(0,1);
                 ; 0000 0058     lcd_putsf("Gagal...!");
                +
0000e1 eaa2     +LDI R26 , LOW ( 2 * _0x0 + ( 20 ) )
0000e2 e0b0     +LDI R27 , HIGH ( 2 * _0x0 + ( 20 ) )
                 	__POINTW2FN _0x0,20
0000e3 940e 0244 	CALL SUBOPT_0x2
                 ; 0000 0059     EIMSK= 0x00;            //disable INT
                 ; 0000 005A     powerdown();            //matikan power
                 ; 0000 005B     }
                 ; 0000 005C }
                 _0x5:
                 _0x17:
0000e5 91e9      	LD   R30,Y+
0000e6 bfef      	OUT  SREG,R30
0000e7 91f9      	LD   R31,Y+
0000e8 91e9      	LD   R30,Y+
0000e9 91b9      	LD   R27,Y+
0000ea 91a9      	LD   R26,Y+
0000eb 9199      	LD   R25,Y+
0000ec 9189      	LD   R24,Y+
0000ed 9179      	LD   R23,Y+
0000ee 9169      	LD   R22,Y+
0000ef 90f9      	LD   R15,Y+
0000f0 9019      	LD   R1,Y+
0000f1 9009      	LD   R0,Y+
0000f2 9518      	RETI
                 ; .FEND
                 ;
                 ;void start_timer(void)
                 ; 0000 005F {
                 _start_timer:
                 ; .FSTART _start_timer
                 ; 0000 0060     TCNT1H= 0x00; TCNT1L= 0x00;     //nilai awal timer
0000f3 e0e0      	LDI  R30,LOW(0)
0000f4 bded      	OUT  0x2D,R30
0000f5 bdec      	OUT  0x2C,R30
                 ; 0000 0061     iterasi= 0;
0000f6 2455      	CLR  R5
                 ; 0000 0062     TCCR1B= 0x0C; //start Timer1
0000f7 e0ec      	LDI  R30,LOW(12)
0000f8 c001      	RJMP _0x2040002
                 ; 0000 0063 }
                 ; .FEND
                 ;
                 ;void stop_timer(void)
                 ; 0000 0066 {
                 _stop_timer:
                 ; .FSTART _stop_timer
                 ; 0000 0067     TCCR1B= 0x00; //stop Timer1
0000f9 e0e0      	LDI  R30,LOW(0)
                 _0x2040002:
0000fa bdee      	OUT  0x2E,R30
                 ; 0000 0068 }
0000fb 9508      	RET
                 ; .FEND
                 ;
                 ;void main(void)
                 ; 0000 006B {
                 _main:
                 ; .FSTART _main
                 ; 0000 006C // Declare your local variables here
                 ; 0000 006D 
                 ; 0000 006E // Input/Output Ports initialization
                 ; 0000 006F // Port A initialization
                 ; 0000 0070 // Function: Bit7=In Bit6=In Bit5=In Bit4=In Bit3=In Bit2=In Bit1=In Bit0=In
                 ; 0000 0071 DDRA=(0<<DDA7) | (0<<DDA6) | (0<<DDA5) | (0<<DDA4) | (0<<DDA3) | (0<<DDA2) | (0<<DDA1) | (0<<DDA0);
0000fc e0e0      	LDI  R30,LOW(0)
0000fd bbea      	OUT  0x1A,R30
                 ; 0000 0072 // State: Bit7=T Bit6=T Bit5=T Bit4=T Bit3=T Bit2=T Bit1=T Bit0=T
                 ; 0000 0073 PORTA=(0<<PORTA7) | (0<<PORTA6) | (0<<PORTA5) | (0<<PORTA4) | (0<<PORTA3) | (0<<PORTA2) | (0<<PORTA1) | (0<<PORTA0);
0000fe bbeb      	OUT  0x1B,R30
                 ; 0000 0074 
                 ; 0000 0075 // Port B initialization
                 ; 0000 0076 // Function: Bit7=Out Bit6=Out Bit5=Out Bit4=Out Bit3=Out Bit2=Out Bit1=Out Bit0=Out
                 ; 0000 0077 DDRB=(1<<DDB7) | (1<<DDB6) | (1<<DDB5) | (1<<DDB4) | (1<<DDB3) | (1<<DDB2) | (1<<DDB1) | (1<<DDB0);
0000ff efef      	LDI  R30,LOW(255)
000100 bbe7      	OUT  0x17,R30
                 ; 0000 0078 // State: Bit7=0 Bit6=0 Bit5=0 Bit4=0 Bit3=1 Bit2=0 Bit1=0 Bit0=0
                 ; 0000 0079 PORTB=(0<<PORTB7) | (0<<PORTB6) | (0<<PORTB5) | (0<<PORTB4) | (1<<PORTB3) | (0<<PORTB2) | (0<<PORTB1) | (0<<PORTB0);
000101 e0e8      	LDI  R30,LOW(8)
000102 bbe8      	OUT  0x18,R30
                 ; 0000 007A 
                 ; 0000 007B // Port C initialization
                 ; 0000 007C // Function: Bit7=Out Bit6=Out Bit5=Out Bit4=Out Bit3=Out Bit2=Out Bit1=Out Bit0=Out
                 ; 0000 007D DDRC=(1<<DDC7) | (1<<DDC6) | (1<<DDC5) | (1<<DDC4) | (1<<DDC3) | (1<<DDC2) | (1<<DDC1) | (1<<DDC0);
000103 efef      	LDI  R30,LOW(255)
000104 bbe4      	OUT  0x14,R30
                 ; 0000 007E // State: Bit7=0 Bit6=0 Bit5=0 Bit4=0 Bit3=0 Bit2=0 Bit1=0 Bit0=0
                 ; 0000 007F PORTC=(0<<PORTC7) | (0<<PORTC6) | (0<<PORTC5) | (0<<PORTC4) | (0<<PORTC3) | (0<<PORTC2) | (0<<PORTC1) | (0<<PORTC0);
000105 e0e0      	LDI  R30,LOW(0)
000106 bbe5      	OUT  0x15,R30
                 ; 0000 0080 
                 ; 0000 0081 // Port D initialization
                 ; 0000 0082 // Function: Bit7=In Bit6=In Bit5=In Bit4=In Bit3=In Bit2=In Bit1=In Bit0=In
                 ; 0000 0083 DDRD=(0<<DDD7) | (0<<DDD6) | (0<<DDD5) | (0<<DDD4) | (0<<DDD3) | (0<<DDD2) | (0<<DDD1) | (0<<DDD0);
000107 bbe1      	OUT  0x11,R30
                 ; 0000 0084 // State: Bit7=P Bit6=P Bit5=P Bit4=P Bit3=P Bit2=P Bit1=P Bit0=P
                 ; 0000 0085 PORTD=(1<<PORTD7) | (1<<PORTD6) | (1<<PORTD5) | (1<<PORTD4) | (1<<PORTD3) | (1<<PORTD2) | (1<<PORTD1) | (1<<PORTD0);
000108 efef      	LDI  R30,LOW(255)
000109 bbe2      	OUT  0x12,R30
                 ; 0000 0086 
                 ; 0000 0087 // Port E initialization
                 ; 0000 0088 // Function: Bit7=In Bit6=In Bit5=In Bit4=In Bit3=In Bit2=In Bit1=In Bit0=In
                 ; 0000 0089 DDRE=(0<<DDE7) | (0<<DDE6) | (0<<DDE5) | (0<<DDE4) | (0<<DDE3) | (0<<DDE2) | (0<<DDE1) | (0<<DDE0);
00010a e0e0      	LDI  R30,LOW(0)
00010b b9e2      	OUT  0x2,R30
                 ; 0000 008A // State: Bit7=T Bit6=T Bit5=T Bit4=T Bit3=T Bit2=T Bit1=T Bit0=T
                 ; 0000 008B PORTE=(0<<PORTE7) | (0<<PORTE6) | (0<<PORTE5) | (0<<PORTE4) | (0<<PORTE3) | (0<<PORTE2) | (0<<PORTE1) | (0<<PORTE0);
00010c b9e3      	OUT  0x3,R30
                 ; 0000 008C 
                 ; 0000 008D // Port F initialization
                 ; 0000 008E // Function: Bit7=In Bit6=In Bit5=In Bit4=In Bit3=In Bit2=In Bit1=In Bit0=In
                 ; 0000 008F DDRF=(0<<DDF7) | (0<<DDF6) | (0<<DDF5) | (0<<DDF4) | (0<<DDF3) | (0<<DDF2) | (0<<DDF1) | (0<<DDF0);
00010d 93e0 0061 	STS  97,R30
                 ; 0000 0090 // State: Bit7=T Bit6=T Bit5=T Bit4=T Bit3=T Bit2=T Bit1=T Bit0=T
                 ; 0000 0091 PORTF=(0<<PORTF7) | (0<<PORTF6) | (0<<PORTF5) | (0<<PORTF4) | (0<<PORTF3) | (0<<PORTF2) | (0<<PORTF1) | (0<<PORTF0);
00010f 93e0 0062 	STS  98,R30
                 ; 0000 0092 
                 ; 0000 0093 // Port G initialization
                 ; 0000 0094 // Function: Bit4=In Bit3=In Bit2=In Bit1=In Bit0=In
                 ; 0000 0095 DDRG=(0<<DDG4) | (0<<DDG3) | (0<<DDG2) | (0<<DDG1) | (0<<DDG0);
000111 93e0 0064 	STS  100,R30
                 ; 0000 0096 // State: Bit4=T Bit3=T Bit2=T Bit1=T Bit0=T
                 ; 0000 0097 PORTG=(0<<PORTG4) | (0<<PORTG3) | (0<<PORTG2) | (0<<PORTG1) | (0<<PORTG0);
000113 93e0 0065 	STS  101,R30
                 ; 0000 0098 
                 ; 0000 0099 // Timer/Counter 0 initialization
                 ; 0000 009A // Clock source: System Clock
                 ; 0000 009B // Clock value: Timer 0 Stopped
                 ; 0000 009C // Mode: Normal top=0xFF
                 ; 0000 009D // OC0 output: Disconnected
                 ; 0000 009E ASSR=0<<AS0;
000115 bfe0      	OUT  0x30,R30
                 ; 0000 009F TCCR0=(0<<WGM00) | (0<<COM01) | (0<<COM00) | (0<<WGM01) | (0<<CS02) | (0<<CS01) | (0<<CS00);
000116 bfe3      	OUT  0x33,R30
                 ; 0000 00A0 TCNT0=0x00;
000117 bfe2      	OUT  0x32,R30
                 ; 0000 00A1 OCR0=0x00;
000118 bfe1      	OUT  0x31,R30
                 ; 0000 00A2 
                 ; 0000 00A3 // Timer/Counter 1 initialization
                 ; 0000 00A4 // Clock source: System Clock
                 ; 0000 00A5 // Clock value: 39.063 kHz
                 ; 0000 00A6 // Mode: CTC top=OCR1A
                 ; 0000 00A7 // OC1A output: Disconnected
                 ; 0000 00A8 // OC1B output: Disconnected
                 ; 0000 00A9 // OC1C output: Disconnected
                 ; 0000 00AA // Noise Canceler: Off
                 ; 0000 00AB // Input Capture on Falling Edge
                 ; 0000 00AC // Timer Period: 1 s
                 ; 0000 00AD // Timer1 Overflow Interrupt: Off
                 ; 0000 00AE // Input Capture Interrupt: Off
                 ; 0000 00AF // Compare A Match Interrupt: On
                 ; 0000 00B0 // Compare B Match Interrupt: Off
                 ; 0000 00B1 // Compare C Match Interrupt: Off
                 ; 0000 00B2 TCCR1A=(0<<COM1A1) | (0<<COM1A0) | (0<<COM1B1) | (0<<COM1B0) | (0<<COM1C1) | (0<<COM1C0) | (0<<WGM11) | (0<<WGM10);
000119 bdef      	OUT  0x2F,R30
                 ; 0000 00B3 TCCR1B=(0<<ICNC1) | (0<<ICES1) | (0<<WGM13) | (1<<WGM12) | (1<<CS12) | (0<<CS11) | (0<<CS10);
00011a e0ec      	LDI  R30,LOW(12)
00011b bdee      	OUT  0x2E,R30
                 ; 0000 00B4 TCCR1B=0x00; //matikan timer terlebih dahulu
00011c e0e0      	LDI  R30,LOW(0)
00011d bdee      	OUT  0x2E,R30
                 ; 0000 00B5 TCNT1H=0x00;
00011e bded      	OUT  0x2D,R30
                 ; 0000 00B6 TCNT1L=0x00;
00011f bdec      	OUT  0x2C,R30
                 ; 0000 00B7 ICR1H=0x00;
000120 bde7      	OUT  0x27,R30
                 ; 0000 00B8 ICR1L=0x00;
000121 bde6      	OUT  0x26,R30
                 ; 0000 00B9 OCR1AH=0x98;
000122 e9e8      	LDI  R30,LOW(152)
000123 bdeb      	OUT  0x2B,R30
                 ; 0000 00BA OCR1AL=0x96;
000124 e9e6      	LDI  R30,LOW(150)
000125 bdea      	OUT  0x2A,R30
                 ; 0000 00BB OCR1BH=0x00;
000126 e0e0      	LDI  R30,LOW(0)
000127 bde9      	OUT  0x29,R30
                 ; 0000 00BC OCR1BL=0x00;
000128 bde8      	OUT  0x28,R30
                 ; 0000 00BD OCR1CH=0x00;
000129 93e0 0079 	STS  121,R30
                 ; 0000 00BE OCR1CL=0x00;
00012b 93e0 0078 	STS  120,R30
                 ; 0000 00BF 
                 ; 0000 00C0 // Timer/Counter 2 initialization
                 ; 0000 00C1 // Clock source: System Clock
                 ; 0000 00C2 // Clock value: Timer2 Stopped
                 ; 0000 00C3 // Mode: Normal top=0xFF
                 ; 0000 00C4 // OC2 output: Disconnected
                 ; 0000 00C5 TCCR2=(0<<WGM20) | (0<<COM21) | (0<<COM20) | (0<<WGM21) | (0<<CS22) | (0<<CS21) | (0<<CS20);
00012d bde5      	OUT  0x25,R30
                 ; 0000 00C6 TCNT2=0x00;
00012e bde4      	OUT  0x24,R30
                 ; 0000 00C7 OCR2=0x00;
00012f bde3      	OUT  0x23,R30
                 ; 0000 00C8 
                 ; 0000 00C9 // Timer/Counter 3 initialization
                 ; 0000 00CA // Clock source: System Clock
                 ; 0000 00CB // Clock value: Timer3 Stopped
                 ; 0000 00CC // Mode: Normal top=0xFFFF
                 ; 0000 00CD // OC3A output: Disconnected
                 ; 0000 00CE // OC3B output: Disconnected
                 ; 0000 00CF // OC3C output: Disconnected
                 ; 0000 00D0 // Noise Canceler: Off
                 ; 0000 00D1 // Input Capture on Falling Edge
                 ; 0000 00D2 // Timer3 Overflow Interrupt: Off
                 ; 0000 00D3 // Input Capture Interrupt: Off
                 ; 0000 00D4 // Compare A Match Interrupt: Off
                 ; 0000 00D5 // Compare B Match Interrupt: Off
                 ; 0000 00D6 // Compare C Match Interrupt: Off
                 ; 0000 00D7 TCCR3A=(0<<COM3A1) | (0<<COM3A0) | (0<<COM3B1) | (0<<COM3B0) | (0<<COM3C1) | (0<<COM3C0) | (0<<WGM31) | (0<<WGM30);
000130 93e0 008b 	STS  139,R30
                 ; 0000 00D8 TCCR3B=(0<<ICNC3) | (0<<ICES3) | (0<<WGM33) | (0<<WGM32) | (0<<CS32) | (0<<CS31) | (0<<CS30);
000132 93e0 008a 	STS  138,R30
                 ; 0000 00D9 TCNT3H=0x00;
000134 93e0 0089 	STS  137,R30
                 ; 0000 00DA TCNT3L=0x00;
000136 93e0 0088 	STS  136,R30
                 ; 0000 00DB ICR3H=0x00;
000138 93e0 0081 	STS  129,R30
                 ; 0000 00DC ICR3L=0x00;
00013a 93e0 0080 	STS  128,R30
                 ; 0000 00DD OCR3AH=0x00;
00013c 93e0 0087 	STS  135,R30
                 ; 0000 00DE OCR3AL=0x00;
00013e 93e0 0086 	STS  134,R30
                 ; 0000 00DF OCR3BH=0x00;
000140 93e0 0085 	STS  133,R30
                 ; 0000 00E0 OCR3BL=0x00;
000142 93e0 0084 	STS  132,R30
                 ; 0000 00E1 OCR3CH=0x00;
000144 93e0 0083 	STS  131,R30
                 ; 0000 00E2 OCR3CL=0x00;
000146 93e0 0082 	STS  130,R30
                 ; 0000 00E3 
                 ; 0000 00E4 // Timer(s)/Counter(s) Interrupt(s) initialization
                 ; 0000 00E5 TIMSK=(0<<OCIE2) | (0<<TOIE2) | (0<<TICIE1) | (1<<OCIE1A) | (0<<OCIE1B) | (0<<TOIE1) | (0<<OCIE0) | (0<<TOIE0);
000148 e1e0      	LDI  R30,LOW(16)
000149 bfe7      	OUT  0x37,R30
                 ; 0000 00E6 ETIMSK=(0<<TICIE3) | (0<<OCIE3A) | (0<<OCIE3B) | (0<<TOIE3) | (0<<OCIE3C) | (0<<OCIE1C);
00014a e0e0      	LDI  R30,LOW(0)
00014b 93e0 007d 	STS  125,R30
                 ; 0000 00E7 
                 ; 0000 00E8 // External Interrupt(s) initialization
                 ; 0000 00E9 // INT0: On
                 ; 0000 00EA // INT0 Mode: Falling Edge
                 ; 0000 00EB // INT1: On
                 ; 0000 00EC // INT1 Mode: Falling Edge
                 ; 0000 00ED // INT2: On
                 ; 0000 00EE // INT2 Mode: Low level
                 ; 0000 00EF // INT3: Off
                 ; 0000 00F0 // INT4: Off
                 ; 0000 00F1 // INT5: Off
                 ; 0000 00F2 // INT6: Off
                 ; 0000 00F3 // INT7: Off
                 ; 0000 00F4 EICRA=(0<<ISC31) | (0<<ISC30) | (0<<ISC21) | (0<<ISC20) | (1<<ISC11) | (0<<ISC10) | (1<<ISC01) | (0<<ISC00);
00014d e0ea      	LDI  R30,LOW(10)
00014e 93e0 006a 	STS  106,R30
                 ; 0000 00F5 EICRB=(0<<ISC71) | (0<<ISC70) | (0<<ISC61) | (0<<ISC60) | (0<<ISC51) | (0<<ISC50) | (0<<ISC41) | (0<<ISC40);
000150 e0e0      	LDI  R30,LOW(0)
000151 bfea      	OUT  0x3A,R30
                 ; 0000 00F6 EIMSK=(0<<INT7) | (0<<INT6) | (0<<INT5) | (0<<INT4) | (0<<INT3) | (1<<INT2) | (1<<INT1) | (1<<INT0);
000152 e0e7      	LDI  R30,LOW(7)
000153 bfe9      	OUT  0x39,R30
                 ; 0000 00F7 EIFR=(0<<INTF7) | (0<<INTF6) | (0<<INTF5) | (0<<INTF4) | (0<<INTF3) | (1<<INTF2) | (1<<INTF1) | (1<<INTF0);
000154 bfe8      	OUT  0x38,R30
                 ; 0000 00F8 
                 ; 0000 00F9 // USART0 initialization
                 ; 0000 00FA // USART0 disabled
                 ; 0000 00FB UCSR0B=(0<<RXCIE0) | (0<<TXCIE0) | (0<<UDRIE0) | (0<<RXEN0) | (0<<TXEN0) | (0<<UCSZ02) | (0<<RXB80) | (0<<TXB80);
000155 e0e0      	LDI  R30,LOW(0)
000156 b9ea      	OUT  0xA,R30
                 ; 0000 00FC 
                 ; 0000 00FD // USART1 initialization
                 ; 0000 00FE // USART1 disabled
                 ; 0000 00FF UCSR1B=(0<<RXCIE1) | (0<<TXCIE1) | (0<<UDRIE1) | (0<<RXEN1) | (0<<TXEN1) | (0<<UCSZ12) | (0<<RXB81) | (0<<TXB81);
000157 93e0 009a 	STS  154,R30
                 ; 0000 0100 
                 ; 0000 0101 // Analog Comparator initialization
                 ; 0000 0102 // Analog Comparator: Off
                 ; 0000 0103 // The Analog Comparator's positive input is
                 ; 0000 0104 // connected to the AIN0 pin
                 ; 0000 0105 // The Analog Comparator's negative input is
                 ; 0000 0106 // connected to the AIN1 pin
                 ; 0000 0107 ACSR=(1<<ACD) | (0<<ACBG) | (0<<ACO) | (0<<ACI) | (0<<ACIE) | (0<<ACIC) | (0<<ACIS1) | (0<<ACIS0);
000159 e8e0      	LDI  R30,LOW(128)
00015a b9e8      	OUT  0x8,R30
                 ; 0000 0108 SFIOR=(0<<ACME);
00015b e0e0      	LDI  R30,LOW(0)
00015c bde0      	OUT  0x20,R30
                 ; 0000 0109 
                 ; 0000 010A // ADC initialization
                 ; 0000 010B // ADC disabled
                 ; 0000 010C ADCSRA=(0<<ADEN) | (0<<ADSC) | (0<<ADFR) | (0<<ADIF) | (0<<ADIE) | (0<<ADPS2) | (0<<ADPS1) | (0<<ADPS0);
00015d b9e6      	OUT  0x6,R30
                 ; 0000 010D 
                 ; 0000 010E // SPI initialization
                 ; 0000 010F // SPI disabled
                 ; 0000 0110 SPCR=(0<<SPIE) | (0<<SPE) | (0<<DORD) | (0<<MSTR) | (0<<CPOL) | (0<<CPHA) | (0<<SPR1) | (0<<SPR0);
00015e b9ed      	OUT  0xD,R30
                 ; 0000 0111 
                 ; 0000 0112 // TWI initialization
                 ; 0000 0113 // TWI disabled
                 ; 0000 0114 TWCR=(0<<TWEA) | (0<<TWSTA) | (0<<TWSTO) | (0<<TWEN) | (0<<TWIE);
00015f 93e0 0074 	STS  116,R30
                 ; 0000 0115 
                 ; 0000 0116 // Alphanumeric LCD initialization
                 ; 0000 0117 // Connections are specified in the
                 ; 0000 0118 // Project|Configure|C Compiler|Libraries|Alphanumeric LCD menu:
                 ; 0000 0119 // RS - PORTC Bit 0
                 ; 0000 011A // RD - PORTC Bit 2
                 ; 0000 011B // EN - PORTC Bit 1
                 ; 0000 011C // D4 - PORTC Bit 4
                 ; 0000 011D // D5 - PORTC Bit 5
                 ; 0000 011E // D6 - PORTC Bit 6
                 ; 0000 011F // D7 - PORTC Bit 7
                 ; 0000 0120 // Characters/line: 16
                 ; 0000 0121 lcd_init(16);
000161 e1a0      	LDI  R26,LOW(16)
000162 940e 0205 	CALL _lcd_init
                 ; 0000 0122 
                 ; 0000 0123 // Global enable interrupts
                 ; 0000 0124 #asm("sei")
000164 9478      	sei
                 ; 0000 0125 sleep_enable();
000165 d033      	RCALL _sleep_enable
                 ; 0000 0126 lcd_putsf("PROCESS CONTROL");
                +
000166 eaac     +LDI R26 , LOW ( 2 * _0x0 + ( 30 ) )
000167 e0b0     +LDI R27 , HIGH ( 2 * _0x0 + ( 30 ) )
                 	__POINTW2FN _0x0,30
000168 940e 01f2 	CALL _lcd_putsf
                 ; 0000 0127 lcd_gotoxy(6,1);
00016a 940e 0249 	CALL SUBOPT_0x3
                 ; 0000 0128 lcd_putsf("OFF");
                +
00016c e9aa     +LDI R26 , LOW ( 2 * _0x0 + ( 12 ) )
00016d e0b0     +LDI R27 , HIGH ( 2 * _0x0 + ( 12 ) )
                 	__POINTW2FN _0x0,12
00016e 940e 01f2 	CALL _lcd_putsf
                 ; 0000 0129 
                 ; 0000 012A while (1)
                 _0x6:
                 ; 0000 012B       {
                 ; 0000 012C       // Place your code here
                 ; 0000 012D       while (start_bit)             //while (start_bit==1)
                 _0x9:
000170 fe20      	SBRS R2,0
000171 c025      	RJMP _0xB
                 ; 0000 012E       {
                 ; 0000 012F         lcd_clear();
000172 940e 01d3 	CALL _lcd_clear
                 ; 0000 0130         PORTB= proses_isi;
000174 e0e9      	LDI  R30,LOW(9)
000175 bbe8      	OUT  0x18,R30
                 ; 0000 0131         lcd_putsf("Proses Isi....");
                +
000176 ebac     +LDI R26 , LOW ( 2 * _0x0 + ( 46 ) )
000177 e0b0     +LDI R27 , HIGH ( 2 * _0x0 + ( 46 ) )
                 	__POINTW2FN _0x0,46
000178 940e 0251 	CALL SUBOPT_0x5
                 ; 0000 0132         start_timer();
                 ; 0000 0133         while(TANKFUL){ };          //tunggu sampai TANKFUL=0
                 _0xC:
00017a 9985      	SBIC 0x10,5
00017b cffe      	RJMP _0xC
                 ; 0000 0134         stop_timer();
00017c 940e 0254 	CALL SUBOPT_0x6
                 ; 0000 0135         lcd_gotoxy(0,1);
                 ; 0000 0136         lcd_putsf("Sukses....!");
                 ; 0000 0137         delay_ms(1000);
                 ; 0000 0138 
                 ; 0000 0139         lcd_clear();
00017e 940e 01d3 	CALL _lcd_clear
                 ; 0000 013A         PORTB= proses_panas;
000180 e0e4      	LDI  R30,LOW(4)
000181 bbe8      	OUT  0x18,R30
                 ; 0000 013B         lcd_putsf("Proses Panas....");
                +
000182 eda7     +LDI R26 , LOW ( 2 * _0x0 + ( 73 ) )
000183 e0b0     +LDI R27 , HIGH ( 2 * _0x0 + ( 73 ) )
                 	__POINTW2FN _0x0,73
000184 940e 0251 	CALL SUBOPT_0x5
                 ; 0000 013C         start_timer();
                 ; 0000 013D         while(~TEMPOK){ };          //tunggu sampai TEMPOK=1
                 _0xF:
000186 9b86      	SBIS 0x10,6
000187 cffe      	RJMP _0xF
                 ; 0000 013E         stop_timer();
000188 940e 0254 	CALL SUBOPT_0x6
                 ; 0000 013F         lcd_gotoxy(0,1);
                 ; 0000 0140         lcd_putsf("Sukses....!");
                 ; 0000 0141         delay_ms(1000);
                 ; 0000 0142 
                 ; 0000 0143         lcd_clear();
00018a 940e 01d3 	CALL _lcd_clear
                 ; 0000 0144         PORTB= proses_kosong;
00018c e0ea      	LDI  R30,LOW(10)
00018d bbe8      	OUT  0x18,R30
                 ; 0000 0145         lcd_putsf("Proses Kosong...");
                +
00018e eea8     +LDI R26 , LOW ( 2 * _0x0 + ( 90 ) )
00018f e0b0     +LDI R27 , HIGH ( 2 * _0x0 + ( 90 ) )
                 	__POINTW2FN _0x0,90
000190 940e 0251 	CALL SUBOPT_0x5
                 ; 0000 0146         start_timer();
                 ; 0000 0147         while(TANKMT){ };          //tunggu sampai TANKMT=0
                 _0x12:
000192 9984      	SBIC 0x10,4
000193 cffe      	RJMP _0x12
                 ; 0000 0148         stop_timer();
000194 940e 0254 	CALL SUBOPT_0x6
                 ; 0000 0149         lcd_gotoxy(0,1);
                 ; 0000 014A         lcd_putsf("Sukses....!");
                 ; 0000 014B         delay_ms(1000);
                 ; 0000 014C       };
000196 cfd9      	RJMP _0x9
                 _0xB:
                 ; 0000 014D       }
000197 cfd8      	RJMP _0x6
                 ; 0000 014E }
                 _0x15:
000198 cfff      	RJMP _0x15
                 ; .FEND
                 	#ifndef __SLEEP_DEFINED__
                 	#endif
                 
                 	.CSEG
                 _sleep_enable:
                 ; .FSTART _sleep_enable
000199 b7e5         in   r30,power_ctrl_reg
00019a 62e0         sbr  r30,__se_bit
00019b bfe5         out  power_ctrl_reg,r30
00019c 9508      	RET
                 ; .FEND
                 _powerdown:
                 ; .FSTART _powerdown
00019d b7e5         in   r30,power_ctrl_reg
00019e 7ee3         cbr  r30,__sm_mask
00019f 61e0         sbr  r30,__sm_powerdown
0001a0 bfe5         out  power_ctrl_reg,r30
0001a1 b7ef         in   r30,sreg
0001a2 9478         sei
0001a3 9588         sleep
0001a4 bfef         out  sreg,r30
0001a5 9508      	RET
                 ; .FEND
                 	#ifndef __SLEEP_DEFINED__
                 	#endif
                 
                 	.DSEG
                 
                 	.CSEG
                 __lcd_write_nibble_G101:
                 ; .FSTART __lcd_write_nibble_G101
0001a6 93aa      	ST   -Y,R26
0001a7 b3e5      	IN   R30,0x15
0001a8 70ef      	ANDI R30,LOW(0xF)
0001a9 2fae      	MOV  R26,R30
0001aa 81e8      	LD   R30,Y
0001ab 7fe0      	ANDI R30,LOW(0xF0)
0001ac 2bea      	OR   R30,R26
0001ad bbe5      	OUT  0x15,R30
                +
0001ae e181     +LDI R24 , LOW ( 17 )
                +__DELAY_USB_LOOP :
0001af 958a     +DEC R24
0001b0 f7f1     +BRNE __DELAY_USB_LOOP
                 	__DELAY_USB 17
0001b1 9aa9      	SBI  0x15,1
                +
0001b2 e181     +LDI R24 , LOW ( 17 )
                +__DELAY_USB_LOOP :
0001b3 958a     +DEC R24
0001b4 f7f1     +BRNE __DELAY_USB_LOOP
                 	__DELAY_USB 17
0001b5 98a9      	CBI  0x15,1
                +
0001b6 e181     +LDI R24 , LOW ( 17 )
                +__DELAY_USB_LOOP :
0001b7 958a     +DEC R24
0001b8 f7f1     +BRNE __DELAY_USB_LOOP
                 	__DELAY_USB 17
0001b9 c074      	RJMP _0x2040001
                 ; .FEND
                 __lcd_write_data:
                 ; .FSTART __lcd_write_data
0001ba 93aa      	ST   -Y,R26
0001bb 81a8      	LD   R26,Y
0001bc dfe9      	RCALL __lcd_write_nibble_G101
0001bd 81e8          ld    r30,y
0001be 95e2          swap  r30
0001bf 83e8          st    y,r30
0001c0 81a8      	LD   R26,Y
0001c1 dfe4      	RCALL __lcd_write_nibble_G101
                +
0001c2 ea87     +LDI R24 , LOW ( 167 )
                +__DELAY_USB_LOOP :
0001c3 958a     +DEC R24
0001c4 f7f1     +BRNE __DELAY_USB_LOOP
                 	__DELAY_USB 167
0001c5 c068      	RJMP _0x2040001
                 ; .FEND
                 _lcd_gotoxy:
                 ; .FSTART _lcd_gotoxy
0001c6 93aa      	ST   -Y,R26
0001c7 81e8      	LD   R30,Y
0001c8 e0f0      	LDI  R31,0
0001c9 50e0      	SUBI R30,LOW(-__base_y_G101)
0001ca 4ffb      	SBCI R31,HIGH(-__base_y_G101)
0001cb 81e0      	LD   R30,Z
0001cc 81a9      	LDD  R26,Y+1
0001cd 0fae      	ADD  R26,R30
0001ce dfeb      	RCALL __lcd_write_data
0001cf 8049      	LDD  R4,Y+1
0001d0 8078      	LDD  R7,Y+0
0001d1 9622      	ADIW R28,2
0001d2 9508      	RET
                 ; .FEND
                 _lcd_clear:
                 ; .FSTART _lcd_clear
0001d3 e0a2      	LDI  R26,LOW(2)
0001d4 d089      	RCALL SUBOPT_0x7
0001d5 e0ac      	LDI  R26,LOW(12)
0001d6 dfe3      	RCALL __lcd_write_data
0001d7 e0a1      	LDI  R26,LOW(1)
0001d8 d085      	RCALL SUBOPT_0x7
0001d9 e0e0      	LDI  R30,LOW(0)
0001da 2e7e      	MOV  R7,R30
0001db 2e4e      	MOV  R4,R30
0001dc 9508      	RET
                 ; .FEND
                 _lcd_putchar:
                 ; .FSTART _lcd_putchar
0001dd 93aa      	ST   -Y,R26
0001de 81a8      	LD   R26,Y
0001df 30aa      	CPI  R26,LOW(0xA)
0001e0 f011      	BREQ _0x2020005
0001e1 1446      	CP   R4,R6
0001e2 f048      	BRLO _0x2020004
                 _0x2020005:
0001e3 e0e0      	LDI  R30,LOW(0)
0001e4 93ea      	ST   -Y,R30
0001e5 9473      	INC  R7
0001e6 2da7      	MOV  R26,R7
0001e7 dfde      	RCALL _lcd_gotoxy
0001e8 81a8      	LD   R26,Y
0001e9 30aa      	CPI  R26,LOW(0xA)
0001ea f409      	BRNE _0x2020007
0001eb c042      	RJMP _0x2040001
                 _0x2020007:
                 _0x2020004:
0001ec 9443      	INC  R4
0001ed 9aa8      	SBI  0x15,0
0001ee 81a8      	LD   R26,Y
0001ef dfca      	RCALL __lcd_write_data
0001f0 98a8      	CBI  0x15,0
0001f1 c03c      	RJMP _0x2040001
                 ; .FEND
                 _lcd_putsf:
                 ; .FSTART _lcd_putsf
0001f2 93ba      	ST   -Y,R27
0001f3 93aa      	ST   -Y,R26
0001f4 931a      	ST   -Y,R17
                 _0x202000B:
0001f5 81e9      	LDD  R30,Y+1
0001f6 81fa      	LDD  R31,Y+1+1
0001f7 9631      	ADIW R30,1
0001f8 83e9      	STD  Y+1,R30
0001f9 83fa      	STD  Y+1+1,R31
0001fa 9731      	SBIW R30,1
0001fb 91e4      	LPM  R30,Z
0001fc 2f1e      	MOV  R17,R30
0001fd 30e0      	CPI  R30,0
0001fe f019      	BREQ _0x202000D
0001ff 2fa1      	MOV  R26,R17
000200 dfdc      	RCALL _lcd_putchar
000201 cff3      	RJMP _0x202000B
                 _0x202000D:
000202 8118      	LDD  R17,Y+0
000203 9623      	ADIW R28,3
000204 9508      	RET
                 ; .FEND
                 _lcd_init:
                 ; .FSTART _lcd_init
000205 93aa      	ST   -Y,R26
000206 b3e4      	IN   R30,0x14
000207 6fe0      	ORI  R30,LOW(0xF0)
000208 bbe4      	OUT  0x14,R30
000209 9aa1      	SBI  0x14,1
00020a 9aa0      	SBI  0x14,0
00020b 9aa2      	SBI  0x14,2
00020c 98a9      	CBI  0x15,1
00020d 98a8      	CBI  0x15,0
00020e 98aa      	CBI  0x15,2
00020f 8068      	LDD  R6,Y+0
000210 81e8      	LD   R30,Y
000211 58e0      	SUBI R30,-LOW(128)
                +
000212 93e0 0502+STS __base_y_G101 + ( 2 ) , R30
                 	__PUTB1MN __base_y_G101,2
000214 81e8      	LD   R30,Y
000215 54e0      	SUBI R30,-LOW(192)
                +
000216 93e0 0503+STS __base_y_G101 + ( 3 ) , R30
                 	__PUTB1MN __base_y_G101,3
000218 e1a4      	LDI  R26,LOW(20)
000219 e0b0      	LDI  R27,0
00021a 940e 026a 	CALL _delay_ms
00021c d046      	RCALL SUBOPT_0x8
00021d d045      	RCALL SUBOPT_0x8
00021e d044      	RCALL SUBOPT_0x8
00021f e2a0      	LDI  R26,LOW(32)
000220 df85      	RCALL __lcd_write_nibble_G101
                +
000221 ef8a     +LDI R24 , LOW ( 250 )
000222 e090     +LDI R25 , HIGH ( 250 )
                +__DELAY_USW_LOOP :
000223 9701     +SBIW R24 , 1
000224 f7f1     +BRNE __DELAY_USW_LOOP
                 	__DELAY_USW 250
000225 e2a8      	LDI  R26,LOW(40)
000226 df93      	RCALL __lcd_write_data
000227 e0a4      	LDI  R26,LOW(4)
000228 df91      	RCALL __lcd_write_data
000229 e8a5      	LDI  R26,LOW(133)
00022a df8f      	RCALL __lcd_write_data
00022b e0a6      	LDI  R26,LOW(6)
00022c df8d      	RCALL __lcd_write_data
00022d dfa5      	RCALL _lcd_clear
                 _0x2040001:
00022e 9621      	ADIW R28,1
00022f 9508      	RET
                 ; .FEND
                 
                 	.DSEG
                 __base_y_G101:
000500           	.BYTE 0x4
                 
                 	.CSEG
                 ;OPTIMIZER ADDED SUBROUTINE, CALLED 3 TIMES, CODE SIZE REDUCTION:19 WORDS
                 SUBOPT_0x0:
000230 920a      	ST   -Y,R0
000231 921a      	ST   -Y,R1
000232 92fa      	ST   -Y,R15
000233 936a      	ST   -Y,R22
000234 937a      	ST   -Y,R23
000235 938a      	ST   -Y,R24
000236 939a      	ST   -Y,R25
000237 93aa      	ST   -Y,R26
000238 93ba      	ST   -Y,R27
000239 93ea      	ST   -Y,R30
00023a 93fa      	ST   -Y,R31
00023b b7ef      	IN   R30,SREG
00023c 93ea      	ST   -Y,R30
00023d 9508      	RET
                 
                 ;OPTIMIZER ADDED SUBROUTINE, CALLED 2 TIMES, CODE SIZE REDUCTION:2 WORDS
                 SUBOPT_0x1:
00023e e1e8      	LDI  R30,LOW(24)
00023f bbe8      	OUT  0x18,R30
000240 e0e0      	LDI  R30,LOW(0)
000241 93ea      	ST   -Y,R30
000242 e0a1      	LDI  R26,LOW(1)
000243 cf82      	RJMP _lcd_gotoxy
                 
                 ;OPTIMIZER ADDED SUBROUTINE, CALLED 2 TIMES, CODE SIZE REDUCTION:1 WORDS
                 SUBOPT_0x2:
000244 dfad      	RCALL _lcd_putsf
000245 e0e0      	LDI  R30,LOW(0)
000246 bfe9      	OUT  0x39,R30
000247 940c 019d 	JMP  _powerdown
                 
                 ;OPTIMIZER ADDED SUBROUTINE, CALLED 3 TIMES, CODE SIZE REDUCTION:3 WORDS
                 SUBOPT_0x3:
000249 e0e6      	LDI  R30,LOW(6)
00024a 93ea      	ST   -Y,R30
00024b e0a1      	LDI  R26,LOW(1)
00024c cf79      	RJMP _lcd_gotoxy
                 
                 ;OPTIMIZER ADDED SUBROUTINE, CALLED 4 TIMES, CODE SIZE REDUCTION:3 WORDS
                 SUBOPT_0x4:
00024d eea8      	LDI  R26,LOW(1000)
00024e e0b3      	LDI  R27,HIGH(1000)
00024f 940c 026a 	JMP  _delay_ms
                 
                 ;OPTIMIZER ADDED SUBROUTINE, CALLED 3 TIMES, CODE SIZE REDUCTION:1 WORDS
                 SUBOPT_0x5:
000251 dfa0      	RCALL _lcd_putsf
000252 940c 00f3 	JMP  _start_timer
                 
                 ;OPTIMIZER ADDED SUBROUTINE, CALLED 3 TIMES, CODE SIZE REDUCTION:19 WORDS
                 SUBOPT_0x6:
000254 940e 00f9 	CALL _stop_timer
000256 e0e0      	LDI  R30,LOW(0)
000257 93ea      	ST   -Y,R30
000258 e0a1      	LDI  R26,LOW(1)
000259 df6c      	RCALL _lcd_gotoxy
                +
00025a ecab     +LDI R26 , LOW ( 2 * _0x0 + ( 61 ) )
00025b e0b0     +LDI R27 , HIGH ( 2 * _0x0 + ( 61 ) )
                 	__POINTW2FN _0x0,61
00025c df95      	RCALL _lcd_putsf
00025d cfef      	RJMP SUBOPT_0x4
                 
                 ;OPTIMIZER ADDED SUBROUTINE, CALLED 2 TIMES, CODE SIZE REDUCTION:1 WORDS
                 SUBOPT_0x7:
00025e df5b      	RCALL __lcd_write_data
00025f e0a3      	LDI  R26,LOW(3)
000260 e0b0      	LDI  R27,0
000261 940c 026a 	JMP  _delay_ms
                 
                 ;OPTIMIZER ADDED SUBROUTINE, CALLED 3 TIMES, CODE SIZE REDUCTION:7 WORDS
                 SUBOPT_0x8:
000263 e3a0      	LDI  R26,LOW(48)
000264 df41      	RCALL __lcd_write_nibble_G101
                +
000265 ef8a     +LDI R24 , LOW ( 250 )
000266 e090     +LDI R25 , HIGH ( 250 )
                +__DELAY_USW_LOOP :
000267 9701     +SBIW R24 , 1
000268 f7f1     +BRNE __DELAY_USW_LOOP
                 	__DELAY_USW 250
000269 9508      	RET
                 
                 
                 	.CSEG
                 _delay_ms:
00026a 9610      	adiw r26,0
00026b f039      	breq __delay_ms1
                 __delay_ms0:
                +
00026c ec84     +LDI R24 , LOW ( 0x9C4 )
00026d e099     +LDI R25 , HIGH ( 0x9C4 )
                +__DELAY_USW_LOOP :
00026e 9701     +SBIW R24 , 1
00026f f7f1     +BRNE __DELAY_USW_LOOP
                 	__DELAY_USW 0x9C4
000270 95a8      	wdr
000271 9711      	sbiw r26,1
000272 f7c9      	brne __delay_ms0
                 __delay_ms1:
000273 9508      	ret
                 
                 __BSTB1:
000274 94e8      	CLT
000275 23ee      	TST  R30
000276 f009      	BREQ PC+2
000277 9468      	SET
000278 9508      	RET
                 
                 ;END OF CODE MARKER
                 __END_OF_CODE:


RESOURCE USE INFORMATION
------------------------

Notice:
The register and instruction counts are symbol table hit counts,
and hence implicitly used resources are not counted, eg, the
'lpm' instruction without operands implicitly uses r0 and z,
none of which are counted.

x,y,z are separate entities in the symbol table and are
counted separately from r26..r31 here.

.dseg memory usage only counts static data declared with .byte

ATmega128 register use summary:
r0 :   6 r1 :   3 r2 :   4 r3 :   0 r4 :   4 r5 :   3 r6 :   2 r7 :   4 
r8 :   0 r9 :   0 r10:   0 r11:   0 r12:   0 r13:   0 r14:   0 r15:   2 
r16:   0 r17:   4 r18:   0 r19:   0 r20:   0 r21:   0 r22:   4 r23:   2 
r24:  24 r25:   7 r26:  55 r27:  19 r28:   4 r29:   1 r30: 170 r31:   9 
x  :   3 y  :  56 z  :   9 
Registers used: 22 out of 35 (62.9%)

ATmega128 instruction use summary:
.lds  :   0 .lds.l:   0 .sts  :   0 .sts.l:   0 adc   :   0 add   :   1 
adiw  :   5 and   :   0 andi  :   2 asr   :   0 bclr  :   0 bld   :   1 
brbc  :   0 brbs  :   0 brcc  :   0 brcs  :   0 break :   0 breq  :   5 
brge  :   0 brhc  :   0 brhs  :   0 brid  :   0 brie  :   0 brlo  :   1 
brlt  :   0 brmi  :   0 brne  :  13 brpl  :   0 brsh  :   0 brtc  :   0 
brts  :   0 brvc  :   0 brvs  :   0 bset  :   0 bst   :   0 call  :  27 
cbi   :   5 cbr   :   1 clc   :   0 clh   :   0 cli   :   1 cln   :   0 
clr   :   3 cls   :   0 clt   :   1 clv   :   0 clz   :   0 com   :   0 
cp    :   2 cpc   :   0 cpi   :   3 cpse  :   0 dec   :   5 des   :   0 
elpm  :   0 eor   :   1 fmul  :   0 fmuls :   0 fmulsu:   0 icall :   0 
ijmp  :   0 in    :   6 inc   :   3 jmp   :  40 ld    :  23 ldd   :   7 
ldi   : 100 lds   :   0 lpm   :   9 lsl   :   0 lsr   :   0 mov   :   6 
movw  :   3 mul   :   0 muls  :   0 mulsu :   0 neg   :   0 nop   :   0 
or    :   1 ori   :   1 out   :  57 pop   :   0 push  :   0 rcall :  25 
ret   :  11 reti  :   2 rjmp  :  21 rol   :   0 ror   :   0 sbc   :   0 
sbci  :   1 sbi   :   5 sbic  :   2 sbis  :   1 sbiw  :   8 sbr   :   2 
sbrc  :   2 sbrs  :   1 sec   :   0 seh   :   0 sei   :   2 sen   :   0 
ser   :   0 ses   :   0 set   :   1 sev   :   0 sez   :   0 sleep :   1 
spm   :   0 st    :  28 std   :   2 sts   :  25 sub   :   0 subi  :   3 
swap  :   1 tst   :   1 wdr   :   1 
Instructions used: 51 out of 117 (43.6%)

ATmega128 memory use summary [bytes]:
Segment   Begin    End      Code   Data   Used    Size   Use%
---------------------------------------------------------------
[.cseg] 0x000000 0x0004f2   1140    126   1266  131072   1.0%
[.dseg] 0x000100 0x000504      0      4      4    4096   0.1%
[.eseg] 0x000000 0x000000      0      0      0    4096   0.0%

Assembly complete, 0 errors, 5 warnings
